<?xml version="1.0" encoding="UTF-8"?>
<!-- Generated by org.testng.reporters.JUnitReportReporter -->
<testsuite hostname="Mihirs-MacBook-Air.local" failures="0" tests="2" name="TestScripts.Test1" time="47.860" errors="0" timestamp="2024-11-25T22:44:15 IST" skipped="0">
  <testcase classname="TestScripts.Test1" name="go_to_revenueCalculator_AdjustSlider" time="7.767"/>
  <testcase classname="TestScripts.Test1" name="task_three_toSelectCardsAndValidateAmount" time="40.093"/>
</testsuite> <!-- TestScripts.Test1 -->
